<?xml version="1.0" encoding="UTF-8"?>
<testng-results skipped="0" failed="0" ignored="0" total="1" passed="1">
  <reporter-output>
  </reporter-output>
  <suite name="Default suite" duration-ms="21125" started-at="2020-10-10T00:29:58 EDT" finished-at="2020-10-10T00:30:19 EDT">
    <groups>
    </groups>
    <test name="Default test" duration-ms="21125" started-at="2020-10-10T00:29:58 EDT" finished-at="2020-10-10T00:30:19 EDT">
      <class name="testcases.LoginTest">
        <test-method status="PASS" signature="loginTest()[pri:0, instance:testcases.LoginTest@33f88ab]" name="loginTest" duration-ms="21036" started-at="2020-10-10T00:29:58 EDT" finished-at="2020-10-10T00:30:19 EDT">
          <reporter-output>
          </reporter-output>
        </test-method> <!-- loginTest -->
      </class> <!-- testcases.LoginTest -->
    </test> <!-- Default test -->
  </suite> <!-- Default suite -->
</testng-results>
